<?xml version="1.0" encoding="UTF-8"?>
<!-- Generated by org.testng.reporters.JUnitReportReporter -->
<testsuite hostname="Sanwari" failures="0" tests="4" name="testcases.AutomationTestCase" time="15.067" errors="0" timestamp="2022-12-21T20:21:14 IST" skipped="0">
  <testcase classname="testcases.AutomationTestCase" name="Login" time="5.379"/>
  <system-out/>
  <testcase classname="testcases.AutomationTestCase" name="HomePageVerify" time="3.321"/>
  <system-out/>
  <testcase classname="testcases.AutomationTestCase" name="selectProducts" time="2.745"/>
  <system-out/>
  <testcase classname="testcases.AutomationTestCase" name="buyProducts" time="3.622"/>
  <system-out/>
</testsuite> <!-- testcases.AutomationTestCase -->
