<?xml version="1.0" encoding="UTF-8"?>
<!-- Generated by org.testng.reporters.JUnitReportReporter -->
<testsuite hostname="Sanwari" failures="0" tests="3" name="testcases.AutomationTestCase" time="21.461" errors="0" timestamp="2022-12-21T19:58:26 IST" skipped="0">
  <testcase classname="testcases.AutomationTestCase" name="Login" time="5.503"/>
  <system-out/>
  <testcase classname="testcases.AutomationTestCase" name="selectProducts" time="5.952"/>
  <system-out/>
  <testcase classname="testcases.AutomationTestCase" name="buyProducts" time="10.006"/>
  <system-out/>
</testsuite> <!-- testcases.AutomationTestCase -->
