<?xml version="1.0" encoding="UTF-8"?>
<!-- Generated by org.testng.reporters.JUnitReportReporter -->
<testsuite hostname="Sanwari" failures="0" tests="3" name="testcases.AutomationTestCase" time="12.168" errors="0" timestamp="2022-12-21T19:42:06 IST" skipped="0">
  <testcase classname="testcases.AutomationTestCase" name="Login" time="5.408"/>
  <system-out/>
  <testcase classname="testcases.AutomationTestCase" name="selectProducts" time="5.743"/>
  <system-out/>
  <testcase classname="testcases.AutomationTestCase" name="buyProducts" time="1.017"/>
  <system-out/>
</testsuite> <!-- testcases.AutomationTestCase -->
