<?xml version="1.0" encoding="UTF-8"?>
<!-- Generated by org.testng.reporters.JUnitReportReporter -->
<testsuite hostname="Sanwari" failures="0" tests="3" name="testcases.AutomationTestCase" time="29.438" errors="0" timestamp="2022-12-21T19:20:53 IST" skipped="0">
  <testcase classname="testcases.AutomationTestCase" name="Login" time="5.658"/>
  <system-out/>
  <testcase classname="testcases.AutomationTestCase" name="selectProducts" time="3.729"/>
  <system-out/>
  <testcase classname="testcases.AutomationTestCase" name="buyProducts" time="20.051"/>
  <system-out/>
</testsuite> <!-- testcases.AutomationTestCase -->
