<?xml version="1.0" encoding="UTF-8"?>
<!-- Generated by org.testng.reporters.JUnitReportReporter -->
<testsuite hostname="Sanwari" failures="0" tests="4" name="testcases.AutomationTestCase" time="11.007" errors="0" timestamp="2022-12-21T20:09:40 IST" skipped="0">
  <testcase classname="testcases.AutomationTestCase" name="Login" time="5.394"/>
  <system-out/>
  <testcase classname="testcases.AutomationTestCase" name="HomePageVerify" time="2.084"/>
  <system-out/>
  <testcase classname="testcases.AutomationTestCase" name="selectProducts" time="2.003"/>
  <system-out/>
  <testcase classname="testcases.AutomationTestCase" name="buyProducts" time="1.526"/>
  <system-out/>
</testsuite> <!-- testcases.AutomationTestCase -->
