<?xml version="1.0" encoding="UTF-8"?>
<!-- Generated by org.testng.reporters.JUnitReportReporter -->
<testsuite hostname="Sanwari" failures="0" tests="4" name="testcases.AutomationTestCase" time="6.669" errors="0" timestamp="2022-12-21T20:29:07 IST" skipped="0">
  <testcase classname="testcases.AutomationTestCase" name="Login" time="5.553"/>
  <system-out/>
  <testcase classname="testcases.AutomationTestCase" name="HomePageVerify" time="0.061"/>
  <system-out/>
  <testcase classname="testcases.AutomationTestCase" name="selectProducts" time="0.293"/>
  <system-out/>
  <testcase classname="testcases.AutomationTestCase" name="buyProducts" time="0.762"/>
  <system-out/>
</testsuite> <!-- testcases.AutomationTestCase -->
